# JRE version: Java(TM) SE Runtime Environment (8.0_291-b10) (build 1.8.0_291-b10)
# Java VM: Java HotSpot(TM) 64-Bit Server VM (25.291-b10 mixed mode windows-amd64 compressed oops)
Heap:
 PSYoungGen      total 338944K, used 250939K [0x00000000d5f00000, 0x00000000f0100000, 0x0000000100000000)
  eden space 299520K, 70% used [0x00000000d5f00000,0x00000000e2d91c78,0x00000000e8380000)
  from space 39424K, 99% used [0x00000000eb900000,0x00000000edf7d1e8,0x00000000edf80000)
  to   space 54784K, 0% used [0x00000000e8380000,0x00000000e8380000,0x00000000eb900000)
 ParOldGen       total 159232K, used 122132K [0x0000000081c00000, 0x000000008b780000, 0x00000000d5f00000)
  object space 159232K, 76% used [0x0000000081c00000,0x00000000893452b0,0x000000008b780000)
 Metaspace       used 29093K, capacity 29369K, committed 29824K, reserved 1075200K
  class space    used 3557K, capacity 3645K, committed 3712K, reserved 1048576K
GC Heap History (10 events):
Event: 9.008 GC heap before
{Heap before GC invocations=13 (full 2):
 PSYoungGen      total 194560K, used 189440K [0x00000000d5f00000, 0x00000000e5380000, 0x0000000100000000)
  eden space 189440K, 100% used [0x00000000d5f00000,0x00000000e1800000,0x00000000e1800000)
  from space 5120K, 0% used [0x00000000e4e80000,0x00000000e4e80000,0x00000000e5380000)
  to   space 8192K, 0% used [0x00000000e4380000,0x00000000e4380000,0x00000000e4b80000)
 ParOldGen       total 78336K, used 24420K [0x0000000081c00000, 0x0000000086880000, 0x00000000d5f00000)
  object space 78336K, 31% used [0x0000000081c00000,0x00000000833d9040,0x0000000086880000)
 Metaspace       used 25226K, capacity 25387K, committed 25728K, reserved 1071104K
  class space    used 3076K, capacity 3154K, committed 3200K, reserved 1048576K
Event: 9.028 GC heap after
Heap after GC invocations=13 (full 2):
 PSYoungGen      total 242176K, used 8186K [0x00000000d5f00000, 0x00000000e6e80000, 0x0000000100000000)
  eden space 233984K, 0% used [0x00000000d5f00000,0x00000000d5f00000,0x00000000e4380000)
  from space 8192K, 99% used [0x00000000e4380000,0x00000000e4b7e9b8,0x00000000e4b80000)
  to   space 9216K, 0% used [0x00000000e6580000,0x00000000e6580000,0x00000000e6e80000)
 ParOldGen       total 78336K, used 25019K [0x0000000081c00000, 0x0000000086880000, 0x00000000d5f00000)
  object space 78336K, 31% used [0x0000000081c00000,0x000000008346ec30,0x0000000086880000)
 Metaspace       used 25226K, capacity 25387K, committed 25728K, reserved 1071104K
  class space    used 3076K, capacity 3154K, committed 3200K, reserved 1048576K
}
Event: 14.234 GC heap before
{Heap before GC invocations=14 (full 2):
 PSYoungGen      total 242176K, used 242170K [0x00000000d5f00000, 0x00000000e6e80000, 0x0000000100000000)
  eden space 233984K, 100% used [0x00000000d5f00000,0x00000000e4380000,0x00000000e4380000)
  from space 8192K, 99% used [0x00000000e4380000,0x00000000e4b7e9b8,0x00000000e4b80000)
  to   space 9216K, 0% used [0x00000000e6580000,0x00000000e6580000,0x00000000e6e80000)
 ParOldGen       total 78336K, used 25019K [0x0000000081c00000, 0x0000000086880000, 0x00000000d5f00000)
  object space 78336K, 31% used [0x0000000081c00000,0x000000008346ec30,0x0000000086880000)
 Metaspace       used 26116K, capacity 26315K, committed 26624K, reserved 1073152K
  class space    used 3175K, capacity 3250K, committed 3328K, reserved 1048576K
Event: 14.271 GC heap after
Heap after GC invocations=14 (full 2):
 PSYoungGen      total 253440K, used 9187K [0x00000000d5f00000, 0x00000000ec380000, 0x0000000100000000)
  eden space 244224K, 0% used [0x00000000d5f00000,0x00000000d5f00000,0x00000000e4d80000)
  from space 9216K, 99% used [0x00000000e6580000,0x00000000e6e78d38,0x00000000e6e80000)
  to   space 24576K, 0% used [0x00000000e4d80000,0x00000000e4d80000,0x00000000e6580000)
 ParOldGen       total 78336K, used 63418K [0x0000000081c00000, 0x0000000086880000, 0x00000000d5f00000)
  object space 78336K, 80% used [0x0000000081c00000,0x00000000859eea10,0x0000000086880000)
 Metaspace       used 26116K, capacity 26315K, committed 26624K, reserved 1073152K
  class space    used 3175K, capacity 3250K, committed 3328K, reserved 1048576K
}
Event: 14.271 GC heap before
{Heap before GC invocations=15 (full 3):
 PSYoungGen      total 253440K, used 9187K [0x00000000d5f00000, 0x00000000ec380000, 0x0000000100000000)
  eden space 244224K, 0% used [0x00000000d5f00000,0x00000000d5f00000,0x00000000e4d80000)
  from space 9216K, 99% used [0x00000000e6580000,0x00000000e6e78d38,0x00000000e6e80000)
  to   space 24576K, 0% used [0x00000000e4d80000,0x00000000e4d80000,0x00000000e6580000)
 ParOldGen       total 78336K, used 63418K [0x0000000081c00000, 0x0000000086880000, 0x00000000d5f00000)
  object space 78336K, 80% used [0x0000000081c00000,0x00000000859eea10,0x0000000086880000)
 Metaspace       used 26116K, capacity 26315K, committed 26624K, reserved 1073152K
  class space    used 3175K, capacity 3250K, committed 3328K, reserved 1048576K
Event: 14.431 GC heap after
Heap after GC invocations=15 (full 3):
 PSYoungGen      total 253440K, used 0K [0x00000000d5f00000, 0x00000000ec380000, 0x0000000100000000)
  eden space 244224K, 0% used [0x00000000d5f00000,0x00000000d5f00000,0x00000000e4d80000)
  from space 9216K, 0% used [0x00000000e6580000,0x00000000e6580000,0x00000000e6e80000)
  to   space 24576K, 0% used [0x00000000e4d80000,0x00000000e4d80000,0x00000000e6580000)
 ParOldGen       total 159232K, used 68854K [0x0000000081c00000, 0x000000008b780000, 0x00000000d5f00000)
  object space 159232K, 43% used [0x0000000081c00000,0x0000000085f3d9d8,0x000000008b780000)
 Metaspace       used 26116K, capacity 26315K, committed 26624K, reserved 1073152K
  class space    used 3175K, capacity 3250K, committed 3328K, reserved 1048576K
}
Event: 17.275 GC heap before
{Heap before GC invocations=16 (full 3):
 PSYoungGen      total 253440K, used 244224K [0x00000000d5f00000, 0x00000000ec380000, 0x0000000100000000)
  eden space 244224K, 100% used [0x00000000d5f00000,0x00000000e4d80000,0x00000000e4d80000)
  from space 9216K, 0% used [0x00000000e6580000,0x00000000e6580000,0x00000000e6e80000)
  to   space 24576K, 0% used [0x00000000e4d80000,0x00000000e4d80000,0x00000000e6580000)
 ParOldGen       total 159232K, used 68854K [0x0000000081c00000, 0x000000008b780000, 0x00000000d5f00000)
  object space 159232K, 43% used [0x0000000081c00000,0x0000000085f3d9d8,0x000000008b780000)
 Metaspace       used 26122K, capacity 26315K, committed 26624K, reserved 1073152K
  class space    used 3175K, capacity 3250K, committed 3328K, reserved 1048576K
Event: 17.320 GC heap after
Heap after GC invocations=16 (full 3):
 PSYoungGen      total 268800K, used 24568K [0x00000000d5f00000, 0x00000000edf80000, 0x0000000100000000)
  eden space 244224K, 0% used [0x00000000d5f00000,0x00000000d5f00000,0x00000000e4d80000)
  from space 24576K, 99% used [0x00000000e4d80000,0x00000000e657e050,0x00000000e6580000)
  to   space 39424K, 0% used [0x00000000eb900000,0x00000000eb900000,0x00000000edf80000)
 ParOldGen       total 159232K, used 99293K [0x0000000081c00000, 0x000000008b780000, 0x00000000d5f00000)
  object space 159232K, 62% used [0x0000000081c00000,0x0000000087cf7768,0x000000008b780000)
 Metaspace       used 26122K, capacity 26315K, committed 26624K, reserved 1073152K
  class space    used 3175K, capacity 3250K, committed 3328K, reserved 1048576K
}
Event: 19.926 GC heap before
{Heap before GC invocations=17 (full 3):
 PSYoungGen      total 268800K, used 268792K [0x00000000d5f00000, 0x00000000edf80000, 0x0000000100000000)
  eden space 244224K, 100% used [0x00000000d5f00000,0x00000000e4d80000,0x00000000e4d80000)
  from space 24576K, 99% used [0x00000000e4d80000,0x00000000e657e050,0x00000000e6580000)
  to   space 39424K, 0% used [0x00000000eb900000,0x00000000eb900000,0x00000000edf80000)
 ParOldGen       total 159232K, used 99293K [0x0000000081c00000, 0x000000008b780000, 0x00000000d5f00000)
  object space 159232K, 62% used [0x0000000081c00000,0x0000000087cf7768,0x000000008b780000)
 Metaspace       used 26167K, capacity 26379K, committed 26880K, reserved 1073152K
  class space    used 3176K, capacity 3250K, committed 3328K, reserved 1048576K
Event: 19.975 GC heap after
Heap after GC invocations=17 (full 3):
 PSYoungGen      total 338944K, used 39412K [0x00000000d5f00000, 0x00000000f0100000, 0x0000000100000000)
  eden space 299520K, 0% used [0x00000000d5f00000,0x00000000d5f00000,0x00000000e8380000)
  from space 39424K, 99% used [0x00000000eb900000,0x00000000edf7d1e8,0x00000000edf80000)
  to   space 54784K, 0% used [0x00000000e8380000,0x00000000e8380000,0x00000000eb900000)
 ParOldGen       total 159232K, used 122132K [0x0000000081c00000, 0x000000008b780000, 0x00000000d5f00000)
  object space 159232K, 76% used [0x0000000081c00000,0x00000000893452b0,0x000000008b780000)
 Metaspace       used 26167K, capacity 26379K, committed 26880K, reserved 1073152K
  class space    used 3176K, capacity 3250K, committed 3328K, reserved 1048576K
}

